<?xml version="1.0" encoding="UTF-8"?>
<!-- Generated by org.testng.reporters.JUnitXMLReporter -->
<testsuite hostname="HIBAIL56180" ignored="15" name="TestOnChrome" tests="6" failures="1" timestamp="09 Apr 2017 06:42:37 GMT" time="131.311" errors="0">
  <testcase name="loginapp" time="0.01" classname="com.hrm.scripts.Login"/>
  <testcase name="testAutoLoginLogout1" time="0.004" classname="com.hrm.scripts.LoginLogoutTest"/>
  <testcase name="testSearchButton" time="3.918" classname="com.hrm.scripts.TestSearchButton"/>
  <testcase name="testLoginButtonIsPresent" time="0.346" classname="com.hrm.scripts.LoginButtonCheck"/>
  <testcase name="testCreateDeleteEmp" time="38.446" classname="com.hrm.scripts.TestCreateDeleteEmp"/>
  <testcase name="testIncludeListBox" time="3.154" classname="com.hrm.scripts.TestIncludeListBox">
    <failure type="java.lang.AssertionError" message="FAIL:ListBox is Not Sorted expected [true] but found [false]">
      <![CDATA[java.lang.AssertionError: FAIL:ListBox is Not Sorted expected [true] but found [false]
	at com.hrm.base.BasePage.checkListBoxIsSorted(BasePage.java:28)
	at com.hrm.pages.EmployeeInformationPage.checkIncludeListIssorted(EmployeeInformationPage.java:61)
	at com.hrm.scripts.TestIncludeListBox.testIncludeListBox(TestIncludeListBox.java:21)
... Removed 28 stack frames]]>
    </failure>
  </testcase> <!-- testIncludeListBox -->
  <testcase name="@BeforeTest initGlobalVar" time="0.0" classname="com.hrm.base.BaseTest">
    <ignored/>
  </testcase> <!-- @BeforeTest initGlobalVar -->
  <testcase name="@BeforeTest initGlobalVar" time="0.0" classname="com.hrm.base.BaseTest">
    <ignored/>
  </testcase> <!-- @BeforeTest initGlobalVar -->
  <testcase name="@BeforeTest initGlobalVar" time="0.0" classname="com.hrm.base.BaseTest">
    <ignored/>
  </testcase> <!-- @BeforeTest initGlobalVar -->
  <testcase name="@BeforeTest initGlobalVar" time="0.0" classname="com.hrm.base.BaseTest">
    <ignored/>
  </testcase> <!-- @BeforeTest initGlobalVar -->
  <testcase name="@BeforeTest initGlobalVar" time="0.0" classname="com.hrm.base.BaseTest">
    <ignored/>
  </testcase> <!-- @BeforeTest initGlobalVar -->
  <testcase name="@BeforeSuite initFrameWork" time="0.0" classname="com.hrm.base.BaseTest">
    <ignored/>
  </testcase> <!-- @BeforeSuite initFrameWork -->
  <testcase name="@BeforeSuite initFrameWork" time="0.0" classname="com.hrm.base.BaseTest">
    <ignored/>
  </testcase> <!-- @BeforeSuite initFrameWork -->
  <testcase name="@BeforeSuite initFrameWork" time="0.0" classname="com.hrm.base.BaseTest">
    <ignored/>
  </testcase> <!-- @BeforeSuite initFrameWork -->
  <testcase name="@BeforeSuite initFrameWork" time="0.0" classname="com.hrm.base.BaseTest">
    <ignored/>
  </testcase> <!-- @BeforeSuite initFrameWork -->
  <testcase name="@BeforeSuite initFrameWork" time="0.0" classname="com.hrm.base.BaseTest">
    <ignored/>
  </testcase> <!-- @BeforeSuite initFrameWork -->
  <testcase name="@AfterSuite publishReport" time="0.0" classname="com.hrm.base.BaseTest">
    <ignored/>
  </testcase> <!-- @AfterSuite publishReport -->
  <testcase name="@AfterSuite publishReport" time="0.0" classname="com.hrm.base.BaseTest">
    <ignored/>
  </testcase> <!-- @AfterSuite publishReport -->
  <testcase name="@AfterSuite publishReport" time="0.0" classname="com.hrm.base.BaseTest">
    <ignored/>
  </testcase> <!-- @AfterSuite publishReport -->
  <testcase name="@AfterSuite publishReport" time="0.0" classname="com.hrm.base.BaseTest">
    <ignored/>
  </testcase> <!-- @AfterSuite publishReport -->
  <testcase name="@AfterSuite publishReport" time="0.0" classname="com.hrm.base.BaseTest">
    <ignored/>
  </testcase> <!-- @AfterSuite publishReport -->
</testsuite> <!-- TestOnChrome -->
